#
# A fatal error has been detected by the Java Runtime Environment:
#
#  SIGSEGV (0xb) at pc=0x0000000110448f78, pid=5131, tid=0x0000000000004003
#
# JRE version: Java(TM) SE Runtime Environment (8.0_92-b14) (build 1.8.0_92-b14)
# Java VM: Java HotSpot(TM) 64-Bit Server VM (25.92-b14 mixed mode bsd-amd64 compressed oops)
# Problematic frame:
# V  [libjvm.dylib+0x448f78]  Method::checked_resolve_jmethod_id(_jmethodID*)+0xe
#
# Failed to write core dump. Core dumps have been disabled. To enable core dumping, try "ulimit -c unlimited" before starting Java again
#
# If you would like to submit a bug report, please visit:
#   http://bugreport.java.com/bugreport/crash.jsp
#

---------------  T H R E A D  ---------------

Current thread (0x00007f97fb014800):  JavaThread "JDWP Transport Listener: dt_socket" daemon [_thread_in_vm, id=16387, stack(0x0000000128ad9000,0x0000000128bd9000)]

siginfo: si_signo: 11 (SIGSEGV), si_code: 0 (unknown), si_addr: 0x0000000000000000

Registers:
RAX=0x0000000000000001, RBX=0x0000000128bd8a8b, RCX=0x000000011081a360, RDX=0x0000000128bd8a8b
RSP=0x0000000128bd89d0, RBP=0x0000000128bd89e0, RSI=0x00007f97fb014800, RDI=0xe000000000000002
R8 =0x0000000000000003, R9 =0x00007f97fa400000, R10=0x0000000000000010, R11=0x00007f97fa400000
R12=0x00007f97fb014800, R13=0xe000000000000002, R14=0xe000000000000002, R15=0x00007f97fa501470
RIP=0x0000000110448f78, EFLAGS=0x0000000000010282, ERR=0x0000000000000000
  TRAPNO=0x000000000000000d

Top of Stack: (sp=0x0000000128bd89d0)
0x0000000128bd89d0:   0000000128bd8a8b 0000000128bd8a8b
0x0000000128bd89e0:   0000000128bd8a40 0000000110357e66
0x0000000128bd89f0:   00007f97fb014800 0000000000000000
0x0000000128bd8a00:   0000000000000000 0000000000000000
0x0000000128bd8a10:   00007f97fb014800 00007f97fb014800
0x0000000128bd8a20:   0000000128bd8a8b 0000000128bd8a90
0x0000000128bd8a30:   e000000000000002 0000000000000002
0x0000000128bd8a40:   0000000128bd8a60 00000001110ba780
0x0000000128bd8a50:   0000000000000001 0000000128bd8b08
0x0000000128bd8a60:   0000000128bd8ad0 000000011109f1f3
0x0000000128bd8a70:   0000000128bd8aa0 00007f97fa4178d0
0x0000000128bd8a80:   0000000300000032 0000000900bd8b08
0x0000000128bd8a90:   0000000000000000 0000000000000000
0x0000000128bd8aa0:   0000000000000000 0000000128bd8c90
0x0000000128bd8ab0:   00000001110c1e7a 00007f97fa620de0
0x0000000128bd8ac0:   0000000128bd8b08 00000001110cd598
0x0000000128bd8ad0:   0000000128bd8ae0 000000011109f2ec
0x0000000128bd8ae0:   0000000128bd8d00 00000001110a8898
0x0000000128bd8af0:   0000071300000013 00000000000f0200
0x0000000128bd8b00:   00007f97fa621500 0000000128bd8bdd
0x0000000128bd8b10:   00007f97000000a7 0000000128bd8b20
0x0000000128bd8b20:   00007f9700000085 0000000128bd8b58
0x0000000128bd8b30:   0000000000000000 00007f0000000000
0x0000000128bd8b40:   0000071300000030 00007fff00008780
0x0000000128bd8b50:   0000000128bd8b58 977f000003000000
0x0000000128bd8b60:   09000000401351fa 6574636172747865
0x0000000128bd8b70:   4c5a282e00000064 2f6e796c2f6d6f63
0x0000000128bd8b80:   446f542f6f646f74 6a4c3b7473694c6f
0x0000000128bd8b90:   6c6974752f617661 72656e6e6163532f
0x0000000128bd8ba0:   00000000005a293b fa977f00000a0000
0x0000000128bd8bb0:   6d04000000381351 28160000006e6961
0x0000000128bd8bc0:   6c2f6176616a4c5b 697274532f676e61 

Instructions: (pc=0x0000000110448f78)
0x0000000110448f58:   40 48 48 85 c0 75 e0 30 c0 0f b6 c0 5d c3 31 c0
0x0000000110448f68:   5d c3 55 48 89 e5 53 48 83 ec 08 48 85 ff 74 24
0x0000000110448f78:   48 8b 1f 48 85 db 74 1c 48 83 fb 37 74 16 48 8b
0x0000000110448f88:   03 48 89 df ff 50 10 84 c0 b8 00 00 00 00 48 0f 

Register to memory mapping:

RAX=0x0000000000000001 is an unknown value
RBX=0x0000000128bd8a8b is pointing into the stack for thread: 0x00007f97fb014800
RCX=0x000000011081a360: UseMembar+0 in /Library/Java/JavaVirtualMachines/jdk1.8.0_92.jdk/Contents/Home/jre/lib/server/libjvm.dylib at 0x0000000110000000
RDX=0x0000000128bd8a8b is pointing into the stack for thread: 0x00007f97fb014800
RSP=0x0000000128bd89d0 is pointing into the stack for thread: 0x00007f97fb014800
RBP=0x0000000128bd89e0 is pointing into the stack for thread: 0x00007f97fb014800
RSI=0x00007f97fb014800 is a thread
RDI=0xe000000000000002 is an unknown value
R8 =0x0000000000000003 is an unknown value
R9 =0x00007f97fa400000 is an unknown value
R10=0x0000000000000010 is an unknown value
R11=0x00007f97fa400000 is an unknown value
R12=0x00007f97fb014800 is a thread
R13=0xe000000000000002 is an unknown value
R14=0xe000000000000002 is an unknown value
R15=0x00007f97fa501470 is an unknown value


Stack: [0x0000000128ad9000,0x0000000128bd9000],  sp=0x0000000128bd89d0,  free space=1022k
Native frames: (J=compiled Java code, j=interpreted, Vv=VM code, C=native code)
V  [libjvm.dylib+0x448f78]  Method::checked_resolve_jmethod_id(_jmethodID*)+0xe
V  [libjvm.dylib+0x357e66]  jvmti_IsMethodSynthetic+0xb2
C  [libjdwp.dylib+0x20780]  isMethodSynthetic+0x63
C  [libjdwp.dylib+0x51f3]  methods1+0x10b
C  [libjdwp.dylib+0x52ec]  methodsWithGeneric+0xe
C  [libjdwp.dylib+0xe898]  debugLoop_run+0x1ce
C  [libjdwp.dylib+0x1f6ba]  attachThread+0x4d
V  [libjvm.dylib+0x3991cc]  JvmtiAgentThread::call_start_function()+0x38
V  [libjvm.dylib+0x564c57]  JavaThread::thread_main_inner()+0x9b
V  [libjvm.dylib+0x566344]  JavaThread::run()+0x1c2
V  [libjvm.dylib+0x485bbe]  java_start(Thread*)+0xf6
C  [libsystem_pthread.dylib+0x405a]  _pthread_body+0x83
C  [libsystem_pthread.dylib+0x3fd7]  _pthread_body+0x0
C  [libsystem_pthread.dylib+0x13ed]  thread_start+0xd
C  0x0000000000000000


---------------  P R O C E S S  ---------------

Java Threads: ( => current thread )
  0x00007f97fa81b800 JavaThread "Service Thread" daemon [_thread_blocked, id=19459, stack(0x00000001290eb000,0x00000001291eb000)]
  0x00007f97fa81a800 JavaThread "C1 CompilerThread2" daemon [_thread_blocked, id=18947, stack(0x0000000128fe8000,0x00000001290e8000)]
  0x00007f97fb81a800 JavaThread "C2 CompilerThread1" daemon [_thread_blocked, id=18435, stack(0x0000000128ee5000,0x0000000128fe5000)]
  0x00007f97fc039000 JavaThread "C2 CompilerThread0" daemon [_thread_blocked, id=17923, stack(0x0000000128de2000,0x0000000128ee2000)]
  0x00007f97fb02c800 JavaThread "JDWP Command Reader" daemon [_thread_in_native, id=17411, stack(0x0000000128cdf000,0x0000000128ddf000)]
  0x00007f97fb015000 JavaThread "JDWP Event Helper Thread" daemon [_thread_blocked, id=16899, stack(0x0000000128bdc000,0x0000000128cdc000)]
=>0x00007f97fb014800 JavaThread "JDWP Transport Listener: dt_socket" daemon [_thread_in_vm, id=16387, stack(0x0000000128ad9000,0x0000000128bd9000)]
  0x00007f97fa827800 JavaThread "Signal Dispatcher" daemon [_thread_blocked, id=12811, stack(0x00000001289cf000,0x0000000128acf000)]
  0x00007f97fb837000 JavaThread "Finalizer" daemon [_thread_blocked, id=11523, stack(0x0000000127032000,0x0000000127132000)]
  0x00007f97fb004800 JavaThread "Reference Handler" daemon [_thread_blocked, id=11011, stack(0x0000000126f2f000,0x000000012702f000)]
  0x00007f97fb803000 JavaThread "main" [_thread_blocked, id=4867, stack(0x0000000110f98000,0x0000000111098000)]

Other Threads:
  0x00007f97fb802000 VMThread [stack: 0x0000000126e2c000,0x0000000126f2c000] [id=10499]
  0x00007f97fa81c000 WatcherThread [stack: 0x00000001291ee000,0x00000001292ee000] [id=19971]

VM state:not at safepoint (normal execution)

VM Mutex/Monitor currently owned by a thread: None

Heap:
 PSYoungGen      total 38400K, used 1996K [0x0000000795580000, 0x0000000798000000, 0x00000007c0000000)
  eden space 33280K, 6% used [0x0000000795580000,0x0000000795773360,0x0000000797600000)
  from space 5120K, 0% used [0x0000000797b00000,0x0000000797b00000,0x0000000798000000)
  to   space 5120K, 0% used [0x0000000797600000,0x0000000797600000,0x0000000797b00000)
 ParOldGen       total 87552K, used 0K [0x0000000740000000, 0x0000000745580000, 0x0000000795580000)
  object space 87552K, 0% used [0x0000000740000000,0x0000000740000000,0x0000000745580000)
 Metaspace       used 2885K, capacity 4728K, committed 4864K, reserved 1056768K
  class space    used 309K, capacity 424K, committed 512K, reserved 1048576K

Card table byte_map: [0x00000001204a5000,0x00000001208a6000] byte_map_base: 0x000000011caa5000

Marking Bits: (ParMarkBitMap*) 0x00000001108e8bd0
 Begin Bits: [0x0000000120f5d000, 0x0000000122f5d000)
 End Bits:   [0x0000000122f5d000, 0x0000000124f5d000)

Polling page: 0x000000010f7c0000

CodeCache: size=245760Kb used=1078Kb max_used=1078Kb free=244681Kb
 bounds [0x00000001110e5000, 0x0000000111355000, 0x00000001200e5000]
 total_blobs=236 nmethods=14 adapters=145
 compilation: enabled

Compilation events (10 events):
Event: 0.228 Thread 0x00007f97fa81a800    9       3       java.util.Arrays::copyOfRange (63 bytes)
Event: 0.229 Thread 0x00007f97fa81a800 nmethod 9 0x00000001111f0250 code [0x00000001111f0480, 0x00000001111f0fd8]
Event: 0.229 Thread 0x00007f97fa81a800   10       3       java.lang.String::<init> (82 bytes)
Event: 0.230 Thread 0x00007f97fa81a800 nmethod 10 0x00000001111f1590 code [0x00000001111f1780, 0x00000001111f1cb8]
Event: 0.230 Thread 0x00007f97fa81a800   12       1       java.lang.ref.Reference::get (5 bytes)
Event: 0.230 Thread 0x00007f97fa81a800 nmethod 12 0x00000001111eff90 code [0x00000001111f00e0, 0x00000001111f01f0]
Event: 0.230 Thread 0x00007f97fa81a800   13       1       java.lang.ThreadLocal::access$400 (5 bytes)
Event: 0.231 Thread 0x00007f97fa81a800 nmethod 13 0x00000001111eeb50 code [0x00000001111eeca0, 0x00000001111eed90]
Event: 0.239 Thread 0x00007f97fa81a800   14       3       java.lang.System::getSecurityManager (4 bytes)
Event: 0.239 Thread 0x00007f97fa81a800 nmethod 14 0x00000001111f29d0 code [0x00000001111f2b20, 0x00000001111f2c70]

GC Heap History (0 events):
No events

Deoptimization events (0 events):
No events

Internal exceptions (2 events):
Event: 0.049 Thread 0x00007f97fb803000 Exception <a 'java/lang/NoSuchMethodError': Method sun.misc.Unsafe.defineClass(Ljava/lang/String;[BII)Ljava/lang/Class; name or signature does not match> (0x0000000795587cc0) thrown at [/Users/java_re/workspace/8-2-build-macosx-x86_64/jdk8u92/6642/hotspot
Event: 0.049 Thread 0x00007f97fb803000 Exception <a 'java/lang/NoSuchMethodError': Method sun.misc.Unsafe.prefetchRead(Ljava/lang/Object;J)V name or signature does not match> (0x0000000795587fa8) thrown at [/Users/java_re/workspace/8-2-build-macosx-x86_64/jdk8u92/6642/hotspot/src/share/vm/prim

Events (10 events):
Event: 28918.133 Executing VM operation: RedefineClasses
Event: 28918.133 Executing VM operation: RedefineClasses done
Event: 29026.253 Executing VM operation: RedefineClasses
Event: 29026.253 Executing VM operation: RedefineClasses done
Event: 29149.859 Executing VM operation: RedefineClasses
Event: 29149.860 Executing VM operation: RedefineClasses done
Event: 29344.194 Executing VM operation: RedefineClasses
Event: 29344.194 Executing VM operation: RedefineClasses done
Event: 29506.749 Executing VM operation: RedefineClasses
Event: 29506.749 Executing VM operation: RedefineClasses done


Dynamic libraries:
0x000000000374a000 	/System/Library/Frameworks/Cocoa.framework/Versions/A/Cocoa
0x000000000374a000 	/System/Library/Frameworks/Security.framework/Versions/A/Security
0x000000000374a000 	/System/Library/Frameworks/ApplicationServices.framework/Versions/A/ApplicationServices
0x000000000374a000 	/usr/lib/libz.1.dylib
0x000000000374a000 	/usr/lib/libSystem.B.dylib
0x000000000374a000 	/usr/lib/libobjc.A.dylib
0x000000000374a000 	/System/Library/Frameworks/CoreFoundation.framework/Versions/A/CoreFoundation
0x000000000374a000 	/System/Library/Frameworks/Foundation.framework/Versions/C/Foundation
0x000000000374a000 	/System/Library/Frameworks/AppKit.framework/Versions/C/AppKit
0x000000000374a000 	/System/Library/Frameworks/CoreData.framework/Versions/A/CoreData
0x000000000374a000 	/System/Library/PrivateFrameworks/RemoteViewServices.framework/Versions/A/RemoteViewServices
0x000000000374a000 	/System/Library/PrivateFrameworks/UIFoundation.framework/Versions/A/UIFoundation
0x000000000374a000 	/System/Library/Frameworks/IOSurface.framework/Versions/A/IOSurface
0x000000000374a000 	/System/Library/Frameworks/AudioToolbox.framework/Versions/A/AudioToolbox
0x000000000374a000 	/System/Library/Frameworks/AudioUnit.framework/Versions/A/AudioUnit
0x000000000374a000 	/System/Library/PrivateFrameworks/DataDetectorsCore.framework/Versions/A/DataDetectorsCore
0x000000000374a000 	/System/Library/PrivateFrameworks/DesktopServicesPriv.framework/Versions/A/DesktopServicesPriv
0x000000000374a000 	/System/Library/Frameworks/Carbon.framework/Versions/A/Frameworks/HIToolbox.framework/Versions/A/HIToolbox
0x000000000374a000 	/System/Library/Frameworks/QuartzCore.framework/Versions/A/QuartzCore
0x000000000374a000 	/System/Library/Frameworks/Carbon.framework/Versions/A/Frameworks/SpeechRecognition.framework/Versions/A/SpeechRecognition
0x000000000374a000 	/usr/lib/libauto.dylib
0x000000000374a000 	/usr/lib/libicucore.A.dylib
0x000000000374a000 	/usr/lib/libxml2.2.dylib
0x000000000374a000 	/System/Library/PrivateFrameworks/CoreUI.framework/Versions/A/CoreUI
0x000000000374a000 	/System/Library/Frameworks/CoreAudio.framework/Versions/A/CoreAudio
0x000000000374a000 	/System/Library/Frameworks/DiskArbitration.framework/Versions/A/DiskArbitration
0x000000000374a000 	/usr/lib/liblangid.dylib
0x000000000374a000 	/System/Library/PrivateFrameworks/MultitouchSupport.framework/Versions/A/MultitouchSupport
0x000000000374a000 	/System/Library/Frameworks/IOKit.framework/Versions/A/IOKit
0x000000000374a000 	/usr/lib/libDiagnosticMessagesClient.dylib
0x000000000374a000 	/System/Library/Frameworks/CoreServices.framework/Versions/A/CoreServices
0x000000000374a000 	/System/Library/PrivateFrameworks/PerformanceAnalysis.framework/Versions/A/PerformanceAnalysis
0x000000000374a000 	/System/Library/PrivateFrameworks/GenerationalStorage.framework/Versions/A/GenerationalStorage
0x000000000374a000 	/System/Library/Frameworks/OpenGL.framework/Versions/A/OpenGL
0x000000000374a000 	/System/Library/PrivateFrameworks/Sharing.framework/Versions/A/Sharing
0x000000000374a000 	/System/Library/Frameworks/CoreGraphics.framework/Versions/A/CoreGraphics
0x000000000374a000 	/System/Library/Frameworks/CoreText.framework/Versions/A/CoreText
0x000000000374a000 	/System/Library/Frameworks/ImageIO.framework/Versions/A/ImageIO
0x000000000374a000 	/usr/lib/libextension.dylib
0x000000000374a000 	/System/Library/PrivateFrameworks/Backup.framework/Versions/A/Backup
0x000000000374a000 	/usr/lib/libarchive.2.dylib
0x000000000374a000 	/System/Library/Frameworks/CFNetwork.framework/Versions/A/CFNetwork
0x000000000374a000 	/System/Library/Frameworks/SystemConfiguration.framework/Versions/A/SystemConfiguration
0x000000000374a000 	/usr/lib/libCRFSuite.dylib
0x000000000374a000 	/usr/lib/libc++.1.dylib
0x000000000374a000 	/usr/lib/libc++abi.dylib
0x000000000374a000 	/usr/lib/system/libcache.dylib
0x000000000374a000 	/usr/lib/system/libcommonCrypto.dylib
0x000000000374a000 	/usr/lib/system/libcompiler_rt.dylib
0x000000000374a000 	/usr/lib/system/libcopyfile.dylib
0x000000000374a000 	/usr/lib/system/libcorecrypto.dylib
0x000000000374a000 	/usr/lib/system/libdispatch.dylib
0x000000000374a000 	/usr/lib/system/libdyld.dylib
0x000000000374a000 	/usr/lib/system/libkeymgr.dylib
0x000000000374a000 	/usr/lib/system/liblaunch.dylib
0x000000000374a000 	/usr/lib/system/libmacho.dylib
0x000000000374a000 	/usr/lib/system/libquarantine.dylib
0x000000000374a000 	/usr/lib/system/libremovefile.dylib
0x000000000374a000 	/usr/lib/system/libsystem_asl.dylib
0x000000000374a000 	/usr/lib/system/libsystem_blocks.dylib
0x000000000374a000 	/usr/lib/system/libsystem_c.dylib
0x000000000374a000 	/usr/lib/system/libsystem_configuration.dylib
0x000000000374a000 	/usr/lib/system/libsystem_coreservices.dylib
0x000000000374a000 	/usr/lib/system/libsystem_coretls.dylib
0x000000000374a000 	/usr/lib/system/libsystem_dnssd.dylib
0x000000000374a000 	/usr/lib/system/libsystem_info.dylib
0x000000000374a000 	/usr/lib/system/libsystem_kernel.dylib
0x000000000374a000 	/usr/lib/system/libsystem_m.dylib
0x000000000374a000 	/usr/lib/system/libsystem_malloc.dylib
0x000000000374a000 	/usr/lib/system/libsystem_network.dylib
0x000000000374a000 	/usr/lib/system/libsystem_networkextension.dylib
0x000000000374a000 	/usr/lib/system/libsystem_notify.dylib
0x000000000374a000 	/usr/lib/system/libsystem_platform.dylib
0x000000000374a000 	/usr/lib/system/libsystem_pthread.dylib
0x000000000374a000 	/usr/lib/system/libsystem_sandbox.dylib
0x000000000374a000 	/usr/lib/system/libsystem_secinit.dylib
0x000000000374a000 	/usr/lib/system/libsystem_stats.dylib
0x000000000374a000 	/usr/lib/system/libsystem_trace.dylib
0x000000000374a000 	/usr/lib/system/libunc.dylib
0x000000000374a000 	/usr/lib/system/libunwind.dylib
0x000000000374a000 	/usr/lib/system/libxpc.dylib
0x000000000374a000 	/usr/lib/libbz2.1.0.dylib
0x000000000374a000 	/usr/lib/liblzma.5.dylib
0x000000000374a000 	/usr/lib/libbsm.0.dylib
0x000000000374a000 	/usr/lib/libsqlite3.dylib
0x000000000374a000 	/usr/lib/system/libkxld.dylib
0x000000000374a000 	/usr/lib/libxar.1.dylib
0x000000000374a000 	/usr/lib/libpam.2.dylib
0x000000000374a000 	/usr/lib/libOpenScriptingUtil.dylib
0x000000000374a000 	/System/Library/Frameworks/CoreServices.framework/Versions/A/Frameworks/FSEvents.framework/Versions/A/FSEvents
0x000000000374a000 	/System/Library/Frameworks/CoreServices.framework/Versions/A/Frameworks/CarbonCore.framework/Versions/A/CarbonCore
0x000000000374a000 	/System/Library/Frameworks/CoreServices.framework/Versions/A/Frameworks/Metadata.framework/Versions/A/Metadata
0x000000000374a000 	/System/Library/Frameworks/CoreServices.framework/Versions/A/Frameworks/OSServices.framework/Versions/A/OSServices
0x000000000374a000 	/System/Library/Frameworks/CoreServices.framework/Versions/A/Frameworks/SearchKit.framework/Versions/A/SearchKit
0x000000000374a000 	/System/Library/Frameworks/CoreServices.framework/Versions/A/Frameworks/AE.framework/Versions/A/AE
0x000000000374a000 	/System/Library/Frameworks/CoreServices.framework/Versions/A/Frameworks/LaunchServices.framework/Versions/A/LaunchServices
0x000000000374a000 	/System/Library/Frameworks/CoreServices.framework/Versions/A/Frameworks/DictionaryServices.framework/Versions/A/DictionaryServices
0x000000000374a000 	/System/Library/Frameworks/NetFS.framework/Versions/A/NetFS
0x000000000374a000 	/System/Library/PrivateFrameworks/NetAuth.framework/Versions/A/NetAuth
0x000000000374a000 	/System/Library/PrivateFrameworks/login.framework/Versions/A/Frameworks/loginsupport.framework/Versions/A/loginsupport
0x000000000374a000 	/System/Library/PrivateFrameworks/TCC.framework/Versions/A/TCC
0x000000000374a000 	/usr/lib/libmecabra.dylib
0x000000000374a000 	/System/Library/Frameworks/ApplicationServices.framework/Versions/A/Frameworks/ATS.framework/Versions/A/ATS
0x000000000374a000 	/System/Library/Frameworks/ApplicationServices.framework/Versions/A/Frameworks/ColorSync.framework/Versions/A/ColorSync
0x000000000374a000 	/System/Library/Frameworks/ApplicationServices.framework/Versions/A/Frameworks/HIServices.framework/Versions/A/HIServices
0x000000000374a000 	/System/Library/Frameworks/ApplicationServices.framework/Versions/A/Frameworks/LangAnalysis.framework/Versions/A/LangAnalysis
0x000000000374a000 	/System/Library/Frameworks/ApplicationServices.framework/Versions/A/Frameworks/PrintCore.framework/Versions/A/PrintCore
0x000000000374a000 	/System/Library/Frameworks/ApplicationServices.framework/Versions/A/Frameworks/QD.framework/Versions/A/QD
0x000000000374a000 	/System/Library/Frameworks/ApplicationServices.framework/Versions/A/Frameworks/SpeechSynthesis.framework/Versions/A/SpeechSynthesis
0x000000000374a000 	/System/Library/Frameworks/Accelerate.framework/Versions/A/Accelerate
0x000000000374a000 	/System/Library/Frameworks/Accelerate.framework/Versions/A/Frameworks/vImage.framework/Versions/A/vImage
0x000000000374a000 	/System/Library/Frameworks/Accelerate.framework/Versions/A/Frameworks/vecLib.framework/Versions/A/vecLib
0x000000000374a000 	/System/Library/Frameworks/Accelerate.framework/Versions/A/Frameworks/vecLib.framework/Versions/A/libvDSP.dylib
0x000000000374a000 	/System/Library/Frameworks/Accelerate.framework/Versions/A/Frameworks/vecLib.framework/Versions/A/libvMisc.dylib
0x000000000374a000 	/System/Library/Frameworks/Accelerate.framework/Versions/A/Frameworks/vecLib.framework/Versions/A/libLAPACK.dylib
0x000000000374a000 	/System/Library/Frameworks/Accelerate.framework/Versions/A/Frameworks/vecLib.framework/Versions/A/libBLAS.dylib
0x000000000374a000 	/System/Library/Frameworks/Accelerate.framework/Versions/A/Frameworks/vecLib.framework/Versions/A/libLinearAlgebra.dylib
0x000000000374a000 	/System/Library/Frameworks/ApplicationServices.framework/Versions/A/Frameworks/ATS.framework/Versions/A/Resources/libFontParser.dylib
0x000000000374a000 	/System/Library/Frameworks/ApplicationServices.framework/Versions/A/Frameworks/ATS.framework/Versions/A/Resources/libFontRegistry.dylib
0x000000000374a000 	/System/Library/PrivateFrameworks/AppleVPA.framework/Versions/A/AppleVPA
0x000000000374a000 	/System/Library/PrivateFrameworks/AppleJPEG.framework/Versions/A/AppleJPEG
0x000000000374a000 	/System/Library/Frameworks/ImageIO.framework/Versions/A/Resources/libJPEG.dylib
0x000000000374a000 	/System/Library/Frameworks/ImageIO.framework/Versions/A/Resources/libTIFF.dylib
0x000000000374a000 	/System/Library/Frameworks/ImageIO.framework/Versions/A/Resources/libPng.dylib
0x000000000374a000 	/System/Library/Frameworks/ImageIO.framework/Versions/A/Resources/libGIF.dylib
0x000000000374a000 	/System/Library/Frameworks/ImageIO.framework/Versions/A/Resources/libJP2.dylib
0x000000000374a000 	/System/Library/Frameworks/ImageIO.framework/Versions/A/Resources/libRadiance.dylib
0x000000000374a000 	/System/Library/Frameworks/CoreVideo.framework/Versions/A/CoreVideo
0x000000000374a000 	/System/Library/Frameworks/OpenGL.framework/Versions/A/Libraries/libGLU.dylib
0x000000000374a000 	/System/Library/Frameworks/OpenGL.framework/Versions/A/Libraries/libGFXShared.dylib
0x000000000374a000 	/System/Library/Frameworks/OpenGL.framework/Versions/A/Libraries/libGL.dylib
0x000000000374a000 	/System/Library/Frameworks/OpenGL.framework/Versions/A/Libraries/libGLImage.dylib
0x000000000374a000 	/System/Library/Frameworks/OpenGL.framework/Versions/A/Libraries/libCVMSPluginSupport.dylib
0x000000000374a000 	/System/Library/Frameworks/OpenGL.framework/Versions/A/Libraries/libCoreVMClient.dylib
0x000000000374a000 	/usr/lib/libcups.2.dylib
0x000000000374a000 	/System/Library/Frameworks/Kerberos.framework/Versions/A/Kerberos
0x000000000374a000 	/System/Library/Frameworks/GSS.framework/Versions/A/GSS
0x000000000374a000 	/usr/lib/libresolv.9.dylib
0x000000000374a000 	/usr/lib/libiconv.2.dylib
0x000000000374a000 	/System/Library/PrivateFrameworks/Heimdal.framework/Versions/A/Heimdal
0x000000000374a000 	/usr/lib/libheimdal-asn1.dylib
0x000000000374a000 	/System/Library/Frameworks/OpenDirectory.framework/Versions/A/OpenDirectory
0x000000000374a000 	/System/Library/PrivateFrameworks/CommonAuth.framework/Versions/A/CommonAuth
0x000000000374a000 	/System/Library/Frameworks/OpenDirectory.framework/Versions/A/Frameworks/CFOpenDirectory.framework/Versions/A/CFOpenDirectory
0x000000000374a000 	/System/Library/Frameworks/SecurityFoundation.framework/Versions/A/SecurityFoundation
0x000000000374a000 	/System/Library/PrivateFrameworks/LanguageModeling.framework/Versions/A/LanguageModeling
0x000000000374a000 	/usr/lib/libcmph.dylib
0x000000000374a000 	/System/Library/Frameworks/ServiceManagement.framework/Versions/A/ServiceManagement
0x000000000374a000 	/usr/lib/libxslt.1.dylib
0x000000000374a000 	/System/Library/Frameworks/Carbon.framework/Versions/A/Frameworks/Ink.framework/Versions/A/Ink
0x000000000374a000 	/System/Library/Frameworks/QuartzCore.framework/Versions/A/Frameworks/CoreImage.framework/Versions/A/CoreImage
0x000000000374a000 	/System/Library/PrivateFrameworks/CrashReporterSupport.framework/Versions/A/CrashReporterSupport
0x000000000374a000 	/System/Library/Frameworks/OpenCL.framework/Versions/A/OpenCL
0x000000000374a000 	/System/Library/PrivateFrameworks/FaceCore.framework/Versions/A/FaceCore
0x000000000374a000 	/System/Library/PrivateFrameworks/Ubiquity.framework/Versions/A/Ubiquity
0x000000000374a000 	/System/Library/PrivateFrameworks/IconServices.framework/Versions/A/IconServices
0x000000000374a000 	/System/Library/PrivateFrameworks/ChunkingLibrary.framework/Versions/A/ChunkingLibrary
0x000000000374a000 	/System/Library/PrivateFrameworks/Apple80211.framework/Versions/A/Apple80211
0x000000000374a000 	/System/Library/Frameworks/CoreWLAN.framework/Versions/A/CoreWLAN
0x000000000374a000 	/System/Library/Frameworks/IOBluetooth.framework/Versions/A/IOBluetooth
0x000000000374a000 	/System/Library/PrivateFrameworks/CoreWiFi.framework/Versions/A/CoreWiFi
0x000000000374a000 	/System/Library/Frameworks/CoreBluetooth.framework/Versions/A/CoreBluetooth
0x000000000374a000 	/System/Library/PrivateFrameworks/DebugSymbols.framework/Versions/A/DebugSymbols
0x000000000374a000 	/System/Library/PrivateFrameworks/CoreSymbolication.framework/Versions/A/CoreSymbolication
0x000000000374a000 	/System/Library/PrivateFrameworks/Symbolication.framework/Versions/A/Symbolication
0x000000000374a000 	/System/Library/PrivateFrameworks/SpeechRecognitionCore.framework/Versions/A/SpeechRecognitionCore
0x0000000110000000 	/Library/Java/JavaVirtualMachines/jdk1.8.0_92.jdk/Contents/Home/jre/lib/server/libjvm.dylib
0x000000000374a000 	/usr/lib/libstdc++.6.dylib
0x000000010f77d000 	/Library/Java/JavaVirtualMachines/jdk1.8.0_92.jdk/Contents/Home/jre/lib/libverify.dylib
0x000000010f78b000 	/Library/Java/JavaVirtualMachines/jdk1.8.0_92.jdk/Contents/Home/jre/lib/libjava.dylib
0x000000011109a000 	/Library/Java/JavaVirtualMachines/jdk1.8.0_92.jdk/Contents/Home/jre/lib/libjdwp.dylib
0x000000010f7c1000 	/Library/Java/JavaVirtualMachines/jdk1.8.0_92.jdk/Contents/Home/jre/lib/libnpt.dylib
0x000000010f7ce000 	/Library/Java/JavaVirtualMachines/jdk1.8.0_92.jdk/Contents/Home/jre/lib/libzip.dylib
0x0000000127134000 	/System/Library/Frameworks/JavaVM.framework/Frameworks/JavaRuntimeSupport.framework/JavaRuntimeSupport
0x000000012714a000 	/System/Library/Frameworks/JavaVM.framework/Versions/A/Frameworks/JavaNativeFoundation.framework/Versions/A/JavaNativeFoundation
0x000000012715e000 	/System/Library/Frameworks/JavaVM.framework/Versions/A/JavaVM
0x000000000374a000 	/System/Library/Frameworks/Carbon.framework/Versions/A/Carbon
0x000000012716a000 	/System/Library/PrivateFrameworks/JavaLaunching.framework/Versions/A/JavaLaunching
0x000000000374a000 	/System/Library/Frameworks/Carbon.framework/Versions/A/Frameworks/CommonPanels.framework/Versions/A/CommonPanels
0x000000000374a000 	/System/Library/Frameworks/Carbon.framework/Versions/A/Frameworks/Help.framework/Versions/A/Help
0x000000000374a000 	/System/Library/Frameworks/Carbon.framework/Versions/A/Frameworks/ImageCapture.framework/Versions/A/ImageCapture
0x000000000374a000 	/System/Library/Frameworks/Carbon.framework/Versions/A/Frameworks/OpenScripting.framework/Versions/A/OpenScripting
0x000000000374a000 	/System/Library/Frameworks/Carbon.framework/Versions/A/Frameworks/Print.framework/Versions/A/Print
0x000000000374a000 	/System/Library/Frameworks/Carbon.framework/Versions/A/Frameworks/SecurityHI.framework/Versions/A/SecurityHI
0x0000000128ad1000 	/Library/Java/JavaVirtualMachines/jdk1.8.0_92.jdk/Contents/Home/jre/lib/libdt_socket.dylib

VM Arguments:
jvm_args: -agentlib:jdwp=transport=dt_socket,suspend=y,address=localhost:54536 -Dfile.encoding=UTF-8 
java_command: com.lyn.todo.ToDo
java_class_path (initial): /Users/sweetcuppee/Documents/web-dev/ToDoProject/bin
Launcher Type: SUN_STANDARD

Environment Variables:
PATH=/usr/bin:/bin:/usr/sbin:/sbin
SHELL=/bin/bash

Signal Handlers:
SIGSEGV: [libjvm.dylib+0x5aa779], sa_mask[0]=11111111011111110111111111111111, sa_flags=SA_ONSTACK|SA_RESTART|SA_SIGINFO
SIGBUS: [libjvm.dylib+0x5aa779], sa_mask[0]=11111111011111110111111111111111, sa_flags=SA_RESTART|SA_SIGINFO
SIGFPE: [libjvm.dylib+0x4831d0], sa_mask[0]=11111111011111110111111111111111, sa_flags=SA_RESTART|SA_SIGINFO
SIGPIPE: [libjvm.dylib+0x4831d0], sa_mask[0]=11111111011111110111111111111111, sa_flags=SA_RESTART|SA_SIGINFO
SIGXFSZ: [libjvm.dylib+0x4831d0], sa_mask[0]=11111111011111110111111111111111, sa_flags=SA_RESTART|SA_SIGINFO
SIGILL: [libjvm.dylib+0x4831d0], sa_mask[0]=11111111011111110111111111111111, sa_flags=SA_RESTART|SA_SIGINFO
SIGUSR1: SIG_DFL, sa_mask[0]=00000000000000000000000000000000, sa_flags=none
SIGUSR2: [libjvm.dylib+0x482cee], sa_mask[0]=00100000000000000000000000000000, sa_flags=SA_RESTART|SA_SIGINFO
SIGHUP: [libjvm.dylib+0x4812c5], sa_mask[0]=11111111011111110111111111111111, sa_flags=SA_RESTART|SA_SIGINFO
SIGINT: [libjvm.dylib+0x4812c5], sa_mask[0]=11111111011111110111111111111111, sa_flags=SA_RESTART|SA_SIGINFO
SIGTERM: [libjvm.dylib+0x4812c5], sa_mask[0]=11111111011111110111111111111111, sa_flags=SA_RESTART|SA_SIGINFO
SIGQUIT: [libjvm.dylib+0x4812c5], sa_mask[0]=11111111011111110111111111111111, sa_flags=SA_RESTART|SA_SIGINFO


---------------  S Y S T E M  ---------------

OS:Bsduname:Darwin 14.5.0 Darwin Kernel Version 14.5.0: Sun Sep 25 22:07:15 PDT 2016; root:xnu-2782.50.9~1/RELEASE_X86_64 x86_64
rlimit: STACK 8192k, CORE 0k, NPROC 709, NOFILE 10240, AS infinity
load average:2.28 2.25 2.35

CPU:total 4 (2 cores per cpu, 2 threads per core) family 6 model 61 stepping 4, cmov, cx8, fxsr, mmx, sse, sse2, sse3, ssse3, sse4.1, sse4.2, popcnt, avx, avx2, aes, clmul, erms, 3dnowpref, lzcnt, ht, tsc, tscinvbit, bmi1, bmi2, adx

Memory: 4k page, physical 8388608k(180576k free)

/proc/meminfo:


vm_info: Java HotSpot(TM) 64-Bit Server VM (25.92-b14) for bsd-amd64 JRE (1.8.0_92-b14), built on Mar 31 2016 21:23:14 by "java_re" with gcc 4.2.1 (Based on Apple Inc. build 5658) (LLVM build 2336.11.00)

time: Mon Feb 13 21:13:05 2017
elapsed time: 29506 seconds (0d 8h 11m 46s)

